ui/build/outputs/mapping/release/seeds.txt
com.midtrans.sdk.ui.CustomSetting
com.midtrans.sdk.ui.CustomSetting: boolean showPaymentStatus
com.midtrans.sdk.ui.CustomSetting: boolean saveCardChecked
com.midtrans.sdk.ui.CustomSetting: boolean animationEnabled
com.midtrans.sdk.ui.CustomSetting: CustomSetting()
com.midtrans.sdk.ui.CustomSetting: boolean isShowPaymentStatus()
com.midtrans.sdk.ui.CustomSetting: void setShowPaymentStatus(boolean)
com.midtrans.sdk.ui.CustomSetting: boolean isSaveCardChecked()
com.midtrans.sdk.ui.CustomSetting: void setSaveCardChecked(boolean)
com.midtrans.sdk.ui.CustomSetting: boolean isAnimationEnabled()
com.midtrans.sdk.ui.CustomSetting: void setAnimationEnabled(boolean)
com.midtrans.sdk.ui.MidtransUi
com.midtrans.sdk.ui.MidtransUi: com.midtrans.sdk.ui.MidtransUi instance
com.midtrans.sdk.ui.MidtransUi: android.content.Context context
com.midtrans.sdk.ui.MidtransUi: boolean enableLog
com.midtrans.sdk.ui.MidtransUi: java.lang.String clientKey
com.midtrans.sdk.ui.MidtransUi: com.midtrans.sdk.core.Environment environment
com.midtrans.sdk.ui.MidtransUi: boolean tokenStorageEnabled
com.midtrans.sdk.ui.MidtransUi: com.midtrans.sdk.ui.themes.BaseColorTheme colorTheme
com.midtrans.sdk.ui.MidtransUi: java.lang.String defaultFontPath
com.midtrans.sdk.ui.MidtransUi: java.lang.String semiBoldFontPath
com.midtrans.sdk.ui.MidtransUi: java.lang.String boldFontPath
com.midtrans.sdk.ui.MidtransUi: com.midtrans.sdk.ui.CustomSetting customSetting
com.midtrans.sdk.ui.MidtransUi: com.midtrans.sdk.ui.MidtransUiCallback paymentCallback
com.midtrans.sdk.ui.MidtransUi: java.lang.String checkoutUrl
com.midtrans.sdk.ui.MidtransUi: com.midtrans.sdk.core.models.merchant.CheckoutTokenRequest checkoutTokenRequest
com.midtrans.sdk.ui.MidtransUi: java.lang.String checkoutToken
com.midtrans.sdk.ui.MidtransUi: com.midtrans.sdk.core.models.snap.transaction.SnapTransaction transaction
com.midtrans.sdk.ui.MidtransUi: MidtransUi(com.midtrans.sdk.ui.MidtransUi$Builder)
com.midtrans.sdk.ui.MidtransUi: com.midtrans.sdk.ui.MidtransUi getInstance()
com.midtrans.sdk.ui.MidtransUi$Builder
com.midtrans.sdk.ui.MidtransUi$Builder: boolean enableLog
com.midtrans.sdk.ui.MidtransUi$Builder: android.content.Context context
com.midtrans.sdk.ui.MidtransUi$Builder: java.lang.String clientKey
com.midtrans.sdk.ui.MidtransUi$Builder: com.midtrans.sdk.core.Environment environment
com.midtrans.sdk.ui.MidtransUi$Builder: boolean tokenStorageEnabled
com.midtrans.sdk.ui.MidtransUi$Builder: com.midtrans.sdk.ui.themes.CustomColorTheme customColorTheme
com.midtrans.sdk.ui.MidtransUi$Builder: java.lang.String defaultFontPath
com.midtrans.sdk.ui.MidtransUi$Builder: java.lang.String semiBoldFontPath
com.midtrans.sdk.ui.MidtransUi$Builder: java.lang.String boldFontPath
com.midtrans.sdk.ui.MidtransUi$Builder: MidtransUi$Builder()
com.midtrans.sdk.ui.MidtransUi$Builder: com.midtrans.sdk.ui.MidtransUi$Builder setContext(android.content.Context)
com.midtrans.sdk.ui.MidtransUi$Builder: com.midtrans.sdk.ui.MidtransUi$Builder setClientKey(java.lang.String)
com.midtrans.sdk.ui.MidtransUi$Builder: com.midtrans.sdk.ui.MidtransUi$Builder setEnvironment(com.midtrans.sdk.core.Environment)
com.midtrans.sdk.ui.MidtransUi$Builder: com.midtrans.sdk.ui.MidtransUi$Builder enableLog(boolean)
com.midtrans.sdk.ui.MidtransUi$Builder: com.midtrans.sdk.ui.MidtransUi$Builder setDefaultFontPath(java.lang.String)
com.midtrans.sdk.ui.MidtransUi$Builder: com.midtrans.sdk.ui.MidtransUi$Builder setSemiBoldFontPath(java.lang.String)
com.midtrans.sdk.ui.MidtransUiCallback
com.midtrans.sdk.ui.MidtransUiCallback: void onFinished(com.midtrans.sdk.ui.models.PaymentResult)
com.midtrans.sdk.ui.R
...
android.support.v7.recyclerview.R$styleable
android.support.v7.recyclerview.R$styleable: int[] RecyclerView
android.support.v7.recyclerview.R$styleable: int RecyclerView_android_descendantFocusability
android.support.v7.recyclerview.R$styleable: int RecyclerView_android_orientation
android.support.v7.recyclerview.R$styleable: int RecyclerView_layoutManager
android.support.v7.recyclerview.R$styleable: int RecyclerView_reverseLayout
android.support.v7.recyclerview.R$styleable: int RecyclerView_spanCount
android.support.v7.recyclerview.R$styleable: int RecyclerView_stackFromEnd
com.midtrans.corekit.R
com.midtrans.corekit.R$anim
com.midtrans.corekit.R$anim: int abc_fade_in
com.midtrans.corekit.R$anim: int abc_fade_out
com.midtrans.corekit.R$anim: int abc_grow_fade_in_from_bottom
com.midtrans.corekit.R$anim: int abc_popup_enter
com.midtrans.corekit.R$anim: int abc_popup_exit
com.midtrans.corekit.R$anim: int abc_shrink_fade_out_from_bottom
com.midtrans.corekit.R$anim: int abc_slide_in_bottom
com.midtrans.corekit.R$anim: int abc_slide_in_top
com.midtrans.corekit.R$anim: int abc_slide_out_bottom
com.midtrans.corekit.R$anim: int abc_slide_out_top
com.midtrans.corekit.R$attr
com.midtrans.corekit.R$attr: int actionBarDivider
com.midtrans.corekit.R$attr: int actionBarItemBackground
com.midtrans.corekit.R$attr: int actionBarPopupTheme
com.midtrans.corekit.R$attr: int actionBarSize
com.midtrans.corekit.R$attr: int actionBarSplitStyle
com.midtrans.corekit.R$attr: int actionBarStyle
com.midtrans.corekit.R$attr: int actionBarTabBarStyle
com.midtrans.corekit.R$attr: int actionBarTabStyle
com.midtrans.corekit.R$attr: int actionBarTabTextStyle
com.midtrans.corekit.R$attr: int actionBarTheme
com.midtrans.corekit.R$attr: int actionBarWidgetTheme
com.midtrans.corekit.R$attr: int actionButtonStyle
com.midtrans.corekit.R$attr: int actionDropDownStyle
com.midtrans.corekit.R$attr: int actionLayout
com.midtrans.corekit.R$attr: int actionMenuTextAppearance
com.midtrans.corekit.R$attr: int actionMenuTextColor
com.midtrans.corekit.R$attr: int actionModeBackground
com.midtrans.corekit.R$attr: int actionModeCloseButtonStyle
com.midtrans.corekit.R$attr: int actionModeCloseDrawable
com.midtrans.corekit.R$attr: int actionModeCopyDrawable
com.midtrans.corekit.R$attr: int actionModeCutDrawable
com.midtrans.corekit.R$attr: int actionModeFindDrawable
com.midtrans.corekit.R$attr: int actionModePasteDrawable
com.midtrans.corekit.R$attr: int actionModePopupWindowStyle
com.midtrans.corekit.R$attr: int actionModeSelectAllDrawable
com.midtrans.corekit.R$attr: int actionModeShareDrawable
com.midtrans.corekit.R$attr: int actionModeSplitBackground
com.midtrans.corekit.R$bool
com.midtrans.corekit.R$bool: int abc_action_bar_embed_tabs
com.midtrans.corekit.R$bool: int abc_allow_stacked_button_bar
com.midtrans.corekit.R$bool: int abc_config_actionMenuItemAllCaps
com.midtrans.corekit.R$bool: int abc_config_closeDialogWhenTouchOutside
com.midtrans.corekit.R$bool: int abc_config_showMenuShortcutsWhenKeyboardPresent