ui/build/outputs/mapping/release/mapping.txt
com.midtrans.sdk.ui.CustomSetting -> com.midtrans.sdk.ui.CustomSetting:
    boolean showPaymentStatus -> showPaymentStatus
    boolean saveCardChecked -> saveCardChecked
    boolean animationEnabled -> animationEnabled
    void <init>() -> <init>
    boolean isShowPaymentStatus() -> isShowPaymentStatus
    void setShowPaymentStatus(boolean) -> setShowPaymentStatus
    boolean isSaveCardChecked() -> isSaveCardChecked
    void setSaveCardChecked(boolean) -> setSaveCardChecked
    boolean isAnimationEnabled() -> isAnimationEnabled
    void setAnimationEnabled(boolean) -> setAnimationEnabled
com.midtrans.sdk.ui.MidtransUi -> com.midtrans.sdk.ui.MidtransUi:
    com.midtrans.sdk.ui.MidtransUi instance -> instance
    android.content.Context context -> context
    boolean enableLog -> enableLog
    java.lang.String clientKey -> clientKey
    com.midtrans.sdk.core.Environment environment -> environment
    boolean tokenStorageEnabled -> tokenStorageEnabled
    com.midtrans.sdk.ui.themes.BaseColorTheme colorTheme -> colorTheme
    java.lang.String defaultFontPath -> defaultFontPath
    java.lang.String semiBoldFontPath -> semiBoldFontPath
    java.lang.String boldFontPath -> boldFontPath
    com.midtrans.sdk.ui.CustomSetting customSetting -> customSetting
    com.midtrans.sdk.ui.MidtransUiCallback paymentCallback -> paymentCallback
    java.lang.String checkoutUrl -> checkoutUrl
    com.midtrans.sdk.core.models.merchant.CheckoutTokenRequest checkoutTokenRequest -> checkoutTokenRequest
    java.lang.String checkoutToken -> checkoutToken
    com.midtrans.sdk.core.models.snap.transaction.SnapTransaction transaction -> transaction
    void <init>(com.midtrans.sdk.ui.MidtransUi$Builder) -> <init>
    com.midtrans.sdk.ui.MidtransUi getInstance() -> getInstance
    void runUiSdk(android.app.Activity,java.lang.String,com.midtrans.sdk.core.models.merchant.CheckoutTokenRequest,com.midtrans.sdk.ui.MidtransUiCallback) -> runUiSdk
    void runUiSdk(android.app.Activity,java.lang.String,com.midtrans.sdk.ui.MidtransUiCallback) -> runUiSdk
com.midtrans.sdk.ui.MidtransUi$1 -> com.midtrans.sdk.ui.MidtransUi$1:
    int[] $SwitchMap$com$midtrans$sdk$core$Environment -> a
    void <clinit>() -> <clinit>
com.midtrans.sdk.ui.MidtransUi$Builder -> com.midtrans.sdk.ui.MidtransUi$Builder:
    boolean enableLog -> enableLog
    android.content.Context context -> context
    java.lang.String clientKey -> clientKey
    com.midtrans.sdk.core.Environment environment -> environment
    boolean tokenStorageEnabled -> tokenStorageEnabled
    com.midtrans.sdk.ui.themes.CustomColorTheme customColorTheme -> customColorTheme
    java.lang.String defaultFontPath -> defaultFontPath
    java.lang.String semiBoldFontPath -> semiBoldFontPath
    java.lang.String boldFontPath -> boldFontPath
    void <init>() -> <init>
    com.midtrans.sdk.ui.MidtransUi$Builder setContext(android.content.Context) -> setContext
    com.midtrans.sdk.ui.MidtransUi$Builder setClientKey(java.lang.String) -> setClientKey
    com.midtrans.sdk.ui.MidtransUi$Builder setEnvironment(com.midtrans.sdk.core.Environment) -> setEnvironment
    com.midtrans.sdk.ui.MidtransUi$Builder enableLog(boolean) -> enableLog
    com.midtrans.sdk.ui.MidtransUi$Builder setDefaultFontPath(java.lang.String) -> setDefaultFontPath
    com.midtrans.sdk.ui.MidtransUi$Builder setSemiBoldFontPath(java.lang.String) -> setSemiBoldFontPath
    com.midtrans.sdk.ui.MidtransUi$Builder setBoldFontPath(java.lang.String) -> setBoldFontPath
    com.midtrans.sdk.ui.MidtransUi$Builder setColorTheme(com.midtrans.sdk.ui.themes.CustomColorTheme) -> setColorTheme
    com.midtrans.sdk.ui.MidtransUi$Builder setTokenStorageEnabled(boolean) -> setTokenStorageEnabled
com.midtrans.sdk.ui.MidtransUiCallback -> com.midtrans.sdk.ui.MidtransUiCallback:
    void onFinished(com.midtrans.sdk.ui.models.PaymentResult) -> onFinished
com.midtrans.sdk.ui.R -> com.midtrans.sdk.ui.R:
    void <init>() -> <init>
...
android.support.design.R$string -> android.support.design.R$string:
    int abc_action_bar_home_description -> abc_action_bar_home_description
    int abc_action_bar_home_description_format -> abc_action_bar_home_description_format
    int abc_action_bar_home_subtitle_description_format -> abc_action_bar_home_subtitle_description_format
    int abc_action_bar_up_description -> abc_action_bar_up_description
    int abc_action_menu_overflow_description -> abc_action_menu_overflow_description
    int abc_action_mode_done -> abc_action_mode_done
    int abc_activity_chooser_view_see_all -> abc_activity_chooser_view_see_all
    int abc_activitychooserview_choose_application -> abc_activitychooserview_choose_application
    int abc_capital_off -> abc_capital_off
    int abc_capital_on -> abc_capital_on
    int abc_font_family_body_1_material -> abc_font_family_body_1_material
    int abc_font_family_body_2_material -> abc_font_family_body_2_material
    int abc_font_family_button_material -> abc_font_family_button_material
    int abc_font_family_caption_material -> abc_font_family_caption_material
    int abc_font_family_display_1_material -> abc_font_family_display_1_material
    int abc_font_family_display_2_material -> abc_font_family_display_2_material
    int abc_font_family_display_3_material -> abc_font_family_display_3_material
    int abc_font_family_display_4_material -> abc_font_family_display_4_material
android.support.design.R$style -> android.support.design.R$style:
    int AlertDialog_AppCompat -> AlertDialog_AppCompat
    int AlertDialog_AppCompat_Light -> AlertDialog_AppCompat_Light
    int Animation_AppCompat_Dialog -> Animation_AppCompat_Dialog
    int Animation_AppCompat_DropDownUp -> Animation_AppCompat_DropDownUp
    int Animation_Design_BottomSheetDialog -> Animation_Design_BottomSheetDialog
    int Base_AlertDialog_AppCompat -> Base_AlertDialog_AppCompat
    int Base_AlertDialog_AppCompat_Light -> Base_AlertDialog_AppCompat_Light
    int Base_Animation_AppCompat_Dialog -> Base_Animation_AppCompat_Dialog
    int Base_Animation_AppCompat_DropDownUp -> Base_Animation_AppCompat_DropDownUp
    int Base_DialogWindowTitleBackground_AppCompat -> Base_DialogWindowTitleBackground_AppCompat
    int Base_DialogWindowTitle_AppCompat -> Base_DialogWindowTitle_AppCompat
    int Base_TextAppearance_AppCompat -> Base_TextAppearance_AppCompat
    int Base_TextAppearance_AppCompat_Body1 -> Base_TextAppearance_AppCompat_Body1
    int Base_TextAppearance_AppCompat_Body2 -> Base_TextAppearance_AppCompat_Body2
    int Base_TextAppearance_AppCompat_Button -> Base_TextAppearance_AppCompat_Button
    int Base_TextAppearance_AppCompat_Caption -> Base_TextAppearance_AppCompat_Caption
    int Base_TextAppearance_AppCompat_Display1 -> Base_TextAppearance_AppCompat_Display1
    int Base_TextAppearance_AppCompat_Display2 -> Base_TextAppearance_AppCompat_Display2