ui/build/outputs/mapping/release/usage.txt
com.midtrans.sdk.ui.BuildConfig
com.midtrans.sdk.ui.abtracts.BaseActivity:
    public static final int STATUS_REQUEST_CODE
    private static final java.lang.String DEFAULT_TEXT_COLOR
    private static final java.lang.String FOCUSED_TEXT_COLOR
com.midtrans.sdk.ui.abtracts.BasePresenter:
    27:53:public java.util.List createItemDetails(android.content.Context)
    58:58:public java.lang.String getMerchantLogo()
com.midtrans.sdk.ui.adapters.ItemDetailsAdapter:
    private static final int TYPE_HEADER
    private static final int TYPE_ITEM
    35:38:public void setData(java.util.List)
com.midtrans.sdk.ui.adapters.SavedCardsAdapter:
    37:37:public java.util.List getData()
com.midtrans.sdk.ui.constants.AnalyticsEventName
com.midtrans.sdk.ui.constants.Constants
com.midtrans.sdk.ui.constants.PaymentCategory
com.midtrans.sdk.ui.constants.PaymentType
com.midtrans.sdk.ui.constants.SnapResponseMessagePattern
com.midtrans.sdk.ui.constants.Theme
com.midtrans.sdk.ui.views.banktransfer.list.BankTransferListActivity:
    public static final java.lang.String ARGS_BANK_LIST
com.midtrans.sdk.ui.views.banktransfer.payment.BankTransferMandiriStatusActivity:
    public static final java.lang.String EXTRA_RESPONSE
    private static final int TABS
com.midtrans.sdk.ui.views.banktransfer.payment.BankTransferMandiriStatusPresenter:
    18:18:public com.midtrans.sdk.core.models.snap.bank.mandiri.MandiriBankTransferPaymentResponse getResponse()
com.midtrans.sdk.ui.views.banktransfer.payment.BankTransferPaymentActivity:
    public static final java.lang.String ARGS_PAYMENT_TYPE
com.midtrans.sdk.ui.views.banktransfer.payment.BankTransferPaymentStatusActivity:
    public static final java.lang.String EXTRA_RESPONSE
    public static final java.lang.String EXTRA_BANK
    private static final int BCA_INSTRUCTION_TABS
    private static final int PERMATA_INSTRUCTION_TABS
    private static final int OTHER_INSTRUCTION_TABS
    private static final int BNI_INSTRUCTION_TABS
com.midtrans.sdk.ui.views.banktransfer.payment.BankTransferPaymentStatusPresenter:
    26:26:public com.midtrans.sdk.core.models.snap.bank.BankTransferPaymentResponse getResponse()
com.midtrans.sdk.ui.views.creditcard.details.CreditCardDetailsActivity:
    public static final java.lang.String EXTRA_CARD_DETAILS
    public static final java.lang.String EXTRA_DELETED_CARD_DETAILS
    private static final int BANK_POINT_REQUEST_CODE
    private static final int MAX_RETRY
    1158:1159:private void hideDeleteCardButton()
com.midtrans.sdk.ui.views.creditcard.details.CreditCardDetailsActivity$1:
    private static final char SPACE_CHAR
com.midtrans.sdk.ui.views.creditcard.details.CreditCardDetailsPresenter:
    private static final java.lang.String BANK_OFFLINE
    325:325:public java.lang.String getCardToken()
    345:345:public boolean isSaveCard()
    590:590:public java.util.List getWhitelistBins()
    662:662:public java.util.List getSelectedInstallmentTerms()
com.midtrans.sdk.ui.views.creditcard.points.BankPointsActivity:
    public static final java.lang.String EXTRA_POINT
    public static final java.lang.String EXTRA_BANK
    public static final java.lang.String EXTRA_DATA_POINT
com.midtrans.sdk.ui.views.creditcard.points.BankPointsPresenter:
    74:74:public double getTotalAmount()
    78:79:public void setTotalAmount(double)
    86:87:public void setAmountToPay(double)
    90:90:public float getPointRedeemed()
    94:95:public void setPointRedeemed(float)
com.midtrans.sdk.ui.views.creditcard.saved.SavedCardActivity:
    private static final int CARD_DETAILS_REQUEST_CODE
    private static final int MAX_RETRY
com.midtrans.sdk.ui.views.creditcard.saved.SavedCardPresenter:
    163:163:public com.midtrans.sdk.ui.views.creditcard.saved.SavedCardView getSavedCardView()
    171:171:public java.util.List getBankBins()
    175:176:public void setBankBins(java.util.List)